<?xml version="1.0" encoding="UTF-8"?>
<testng-results ignored="0" total="5" passed="5" failed="0" skipped="0">
  <reporter-output>
  </reporter-output>
  <suite started-at="2022-05-23T14:50:19 AST" name="Automation Practice Suite" finished-at="2022-05-23T14:50:59 AST" duration-ms="39824">
    <groups>
    </groups>
    <test started-at="2022-05-23T14:50:19 AST" name="HomePageTest" finished-at="2022-05-23T14:50:30 AST" duration-ms="10923">
      <class name="Full.AutomationPractice.HomePageTest">
        <test-method is-config="true" signature="getBrowser()[pri:0, instance:Full.AutomationPractice.HomePageTest@d1f74b8]" started-at="2022-05-23T14:50:19 AST" name="getBrowser" finished-at="2022-05-23T14:50:26 AST" duration-ms="6476" status="PASS">
          <reporter-output>
          </reporter-output>
        </test-method> <!-- getBrowser -->
        <test-method signature="ValidateHomePage()[pri:0, instance:Full.AutomationPractice.HomePageTest@d1f74b8]" started-at="2022-05-23T14:50:26 AST" name="ValidateHomePage" finished-at="2022-05-23T14:50:26 AST" duration-ms="222" status="PASS">
          <reporter-output>
          </reporter-output>
        </test-method> <!-- ValidateHomePage -->
        <test-method is-config="true" signature="tearDown()[pri:0, instance:Full.AutomationPractice.HomePageTest@d1f74b8]" started-at="2022-05-23T14:50:26 AST" name="tearDown" finished-at="2022-05-23T14:50:30 AST" duration-ms="4185" status="PASS">
          <reporter-output>
          </reporter-output>
        </test-method> <!-- tearDown -->
      </class> <!-- Full.AutomationPractice.HomePageTest -->
    </test> <!-- HomePageTest -->
    <test started-at="2022-05-23T14:50:31 AST" name="LoginPageTest" finished-at="2022-05-23T14:50:46 AST" duration-ms="15175">
      <class name="Full.AutomationPractice.LoginPageTest">
        <test-method is-config="true" signature="getBrowserLogin()[pri:0, instance:Full.AutomationPractice.LoginPageTest@5af9926a]" started-at="2022-05-23T14:50:31 AST" name="getBrowserLogin" finished-at="2022-05-23T14:50:37 AST" duration-ms="6108" status="PASS">
          <reporter-output>
          </reporter-output>
        </test-method> <!-- getBrowserLogin -->
        <test-method signature="goToLoginPage()[pri:1, instance:Full.AutomationPractice.LoginPageTest@5af9926a]" started-at="2022-05-23T14:50:37 AST" name="goToLoginPage" finished-at="2022-05-23T14:50:39 AST" duration-ms="1512" status="PASS">
          <reporter-output>
          </reporter-output>
        </test-method> <!-- goToLoginPage -->
        <test-method signature="loginNewUser()[pri:2, instance:Full.AutomationPractice.LoginPageTest@5af9926a]" started-at="2022-05-23T14:50:39 AST" name="loginNewUser" finished-at="2022-05-23T14:50:42 AST" duration-ms="3332" status="PASS">
          <reporter-output>
          </reporter-output>
        </test-method> <!-- loginNewUser -->
        <test-method is-config="true" signature="tearDown()[pri:0, instance:Full.AutomationPractice.LoginPageTest@5af9926a]" started-at="2022-05-23T14:50:42 AST" name="tearDown" finished-at="2022-05-23T14:50:46 AST" duration-ms="4217" status="PASS">
          <reporter-output>
          </reporter-output>
        </test-method> <!-- tearDown -->
      </class> <!-- Full.AutomationPractice.LoginPageTest -->
    </test> <!-- LoginPageTest -->
    <test started-at="2022-05-23T14:50:46 AST" name="SignUpPageTest" finished-at="2022-05-23T14:50:59 AST" duration-ms="13006">
      <class name="Full.AutomationPractice.SignUpPageTest">
        <test-method is-config="true" signature="getBrowserLogin()[pri:0, instance:Full.AutomationPractice.SignUpPageTest@30c31dd7]" started-at="2022-05-23T14:50:46 AST" name="getBrowserLogin" finished-at="2022-05-23T14:50:51 AST" duration-ms="4640" status="PASS">
          <reporter-output>
          </reporter-output>
        </test-method> <!-- getBrowserLogin -->
        <test-method signature="NewUserSignup()[pri:1, instance:Full.AutomationPractice.SignUpPageTest@30c31dd7]" started-at="2022-05-23T14:50:51 AST" name="NewUserSignup" finished-at="2022-05-23T14:50:54 AST" duration-ms="3233" status="PASS">
          <reporter-output>
          </reporter-output>
        </test-method> <!-- NewUserSignup -->
        <test-method signature="addressDetails()[pri:2, instance:Full.AutomationPractice.SignUpPageTest@30c31dd7]" started-at="2022-05-23T14:50:54 AST" name="addressDetails" finished-at="2022-05-23T14:50:55 AST" duration-ms="971" status="PASS">
          <reporter-output>
          </reporter-output>
        </test-method> <!-- addressDetails -->
        <test-method is-config="true" signature="tearDown()[pri:0, instance:Full.AutomationPractice.SignUpPageTest@30c31dd7]" started-at="2022-05-23T14:50:55 AST" name="tearDown" finished-at="2022-05-23T14:50:59 AST" duration-ms="4157" status="PASS">
          <reporter-output>
          </reporter-output>
        </test-method> <!-- tearDown -->
      </class> <!-- Full.AutomationPractice.SignUpPageTest -->
    </test> <!-- SignUpPageTest -->
  </suite> <!-- Automation Practice Suite -->
</testng-results>
