<?xml version="1.0" encoding="UTF-8"?>
<testng-results ignored="0" total="5" passed="4" failed="1" skipped="0">
  <reporter-output>
  </reporter-output>
  <suite started-at="2022-05-17T11:53:46 AST" name="Automation Practice Suite" finished-at="2022-05-17T11:54:19 AST" duration-ms="33083">
    <groups>
    </groups>
    <test started-at="2022-05-17T11:53:46 AST" name="HomePageTest" finished-at="2022-05-17T11:53:58 AST" duration-ms="11339">
      <class name="Full.AutomationPractice.HomePageTest">
        <test-method is-config="true" signature="getBrowser()[pri:0, instance:Full.AutomationPractice.HomePageTest@d1f74b8]" started-at="2022-05-17T11:53:46 AST" name="getBrowser" finished-at="2022-05-17T11:53:53 AST" duration-ms="6826" status="PASS">
          <reporter-output>
          </reporter-output>
        </test-method> <!-- getBrowser -->
        <test-method signature="ValidateHomePage()[pri:0, instance:Full.AutomationPractice.HomePageTest@d1f74b8]" started-at="2022-05-17T11:53:53 AST" name="ValidateHomePage" finished-at="2022-05-17T11:53:53 AST" duration-ms="265" status="PASS">
          <reporter-output>
          </reporter-output>
        </test-method> <!-- ValidateHomePage -->
        <test-method is-config="true" signature="tearDown()[pri:0, instance:Full.AutomationPractice.HomePageTest@d1f74b8]" started-at="2022-05-17T11:53:53 AST" name="tearDown" finished-at="2022-05-17T11:53:58 AST" duration-ms="4190" status="PASS">
          <reporter-output>
          </reporter-output>
        </test-method> <!-- tearDown -->
      </class> <!-- Full.AutomationPractice.HomePageTest -->
    </test> <!-- HomePageTest -->
    <test started-at="2022-05-17T11:53:58 AST" name="LoginPageTest" finished-at="2022-05-17T11:54:08 AST" duration-ms="10186">
      <class name="Full.AutomationPractice.LoginPageTest">
        <test-method is-config="true" signature="getBrowserLogin()[pri:0, instance:Full.AutomationPractice.LoginPageTest@5af9926a]" started-at="2022-05-17T11:53:58 AST" name="getBrowserLogin" finished-at="2022-05-17T11:54:03 AST" duration-ms="4227" status="PASS">
          <reporter-output>
          </reporter-output>
        </test-method> <!-- getBrowserLogin -->
        <test-method signature="goToLoginPage()[pri:1, instance:Full.AutomationPractice.LoginPageTest@5af9926a]" started-at="2022-05-17T11:54:03 AST" name="goToLoginPage" finished-at="2022-05-17T11:54:04 AST" duration-ms="1299" status="PASS">
          <reporter-output>
          </reporter-output>
        </test-method> <!-- goToLoginPage -->
        <test-method signature="loginNewUser()[pri:2, instance:Full.AutomationPractice.LoginPageTest@5af9926a]" started-at="2022-05-17T11:54:04 AST" name="loginNewUser" finished-at="2022-05-17T11:54:04 AST" duration-ms="241" status="FAIL">
          <exception class="org.openqa.selenium.InvalidSelectorException">
            <message>
              <![CDATA[invalid selector: An invalid or illegal selector was specified
  (Session info: chrome=101.0.4951.67)
For documentation on this error, please visit: https://www.seleniumhq.org/exceptions/invalid_selector_exception.html
Build info: version: '3.141.59', revision: 'e82be7d358', time: '2018-11-14T08:17:03'
System info: host: 'LAPTOP-PRTCFI5V', ip: '192.168.173.108', os.name: 'Windows 10', os.arch: 'amd64', os.version: '10.0', java.version: '11.0.13'
Driver info: org.openqa.selenium.chrome.ChromeDriver
Capabilities {acceptInsecureCerts: false, browserName: chrome, browserVersion: 101.0.4951.67, chrome: {chromedriverVersion: 100.0.4896.60 (6a5d10861ce8..., userDataDir: C:\Users\DEEPTHI\AppData\Lo...}, goog:chromeOptions: {debuggerAddress: localhost:53805}, javascriptEnabled: true, networkConnectionEnabled: false, pageLoadStrategy: normal, platform: WINDOWS, platformName: WINDOWS, proxy: Proxy(), setWindowRect: true, strictFileInteractability: false, timeouts: {implicit: 0, pageLoad: 300000, script: 30000}, unhandledPromptBehavior: dismiss and notify, webauthn:extension:credBlob: true, webauthn:extension:largeBlob: true, webauthn:virtualAuthenticators: true}
Session ID: bb08e67557bfec09e957b33f20e23cc2
*** Element info: {Using=name, value=//input[@data-qa='signup-email']}]]>
            </message>
            <full-stacktrace>
              <![CDATA[org.openqa.selenium.InvalidSelectorException: invalid selector: An invalid or illegal selector was specified
  (Session info: chrome=101.0.4951.67)
For documentation on this error, please visit: https://www.seleniumhq.org/exceptions/invalid_selector_exception.html
Build info: version: '3.141.59', revision: 'e82be7d358', time: '2018-11-14T08:17:03'
System info: host: 'LAPTOP-PRTCFI5V', ip: '192.168.173.108', os.name: 'Windows 10', os.arch: 'amd64', os.version: '10.0', java.version: '11.0.13'
Driver info: org.openqa.selenium.chrome.ChromeDriver
Capabilities {acceptInsecureCerts: false, browserName: chrome, browserVersion: 101.0.4951.67, chrome: {chromedriverVersion: 100.0.4896.60 (6a5d10861ce8..., userDataDir: C:\Users\DEEPTHI\AppData\Lo...}, goog:chromeOptions: {debuggerAddress: localhost:53805}, javascriptEnabled: true, networkConnectionEnabled: false, pageLoadStrategy: normal, platform: WINDOWS, platformName: WINDOWS, proxy: Proxy(), setWindowRect: true, strictFileInteractability: false, timeouts: {implicit: 0, pageLoad: 300000, script: 30000}, unhandledPromptBehavior: dismiss and notify, webauthn:extension:credBlob: true, webauthn:extension:largeBlob: true, webauthn:virtualAuthenticators: true}
Session ID: bb08e67557bfec09e957b33f20e23cc2
*** Element info: {Using=name, value=//input[@data-qa='signup-email']}
at java.base/jdk.internal.reflect.NativeConstructorAccessorImpl.newInstance0(Native Method)
at java.base/jdk.internal.reflect.NativeConstructorAccessorImpl.newInstance(NativeConstructorAccessorImpl.java:62)
at java.base/jdk.internal.reflect.DelegatingConstructorAccessorImpl.newInstance(DelegatingConstructorAccessorImpl.java:45)
at java.base/java.lang.reflect.Constructor.newInstance(Constructor.java:490)
at org.openqa.selenium.remote.http.W3CHttpResponseCodec.createException(W3CHttpResponseCodec.java:187)
at org.openqa.selenium.remote.http.W3CHttpResponseCodec.decode(W3CHttpResponseCodec.java:122)
at org.openqa.selenium.remote.http.W3CHttpResponseCodec.decode(W3CHttpResponseCodec.java:49)
at org.openqa.selenium.remote.HttpCommandExecutor.execute(HttpCommandExecutor.java:158)
at org.openqa.selenium.remote.service.DriverCommandExecutor.execute(DriverCommandExecutor.java:83)
at org.openqa.selenium.remote.RemoteWebDriver.execute(RemoteWebDriver.java:552)
at org.openqa.selenium.remote.RemoteWebDriver.findElement(RemoteWebDriver.java:323)
at org.openqa.selenium.remote.RemoteWebDriver.findElementByName(RemoteWebDriver.java:404)
at org.openqa.selenium.By$ByName.findElement(By.java:284)
at org.openqa.selenium.remote.RemoteWebDriver.findElement(RemoteWebDriver.java:315)
at Full.AutomationPractice.LoginPageObject.NewUserEmailField(LoginPageObject.java:39)
at Full.AutomationPractice.LoginPageTest.loginNewUser(LoginPageTest.java:52)
at java.base/jdk.internal.reflect.NativeMethodAccessorImpl.invoke0(Native Method)
at java.base/jdk.internal.reflect.NativeMethodAccessorImpl.invoke(NativeMethodAccessorImpl.java:62)
at java.base/jdk.internal.reflect.DelegatingMethodAccessorImpl.invoke(DelegatingMethodAccessorImpl.java:43)
at java.base/java.lang.reflect.Method.invoke(Method.java:566)
at org.testng.internal.MethodInvocationHelper.invokeMethod(MethodInvocationHelper.java:133)
at org.testng.internal.TestInvoker.invokeMethod(TestInvoker.java:598)
at org.testng.internal.TestInvoker.invokeTestMethod(TestInvoker.java:173)
at org.testng.internal.MethodRunner.runInSequence(MethodRunner.java:46)
at org.testng.internal.TestInvoker$MethodInvocationAgent.invoke(TestInvoker.java:824)
at org.testng.internal.TestInvoker.invokeTestMethods(TestInvoker.java:146)
at org.testng.internal.TestMethodWorker.invokeTestMethods(TestMethodWorker.java:146)
at org.testng.internal.TestMethodWorker.run(TestMethodWorker.java:128)
at java.base/java.util.ArrayList.forEach(ArrayList.java:1541)
at org.testng.TestRunner.privateRun(TestRunner.java:794)
at org.testng.TestRunner.run(TestRunner.java:596)
at org.testng.SuiteRunner.runTest(SuiteRunner.java:377)
at org.testng.SuiteRunner.runSequentially(SuiteRunner.java:371)
at org.testng.SuiteRunner.privateRun(SuiteRunner.java:332)
at org.testng.SuiteRunner.run(SuiteRunner.java:276)
at org.testng.SuiteRunnerWorker.runSuite(SuiteRunnerWorker.java:53)
at org.testng.SuiteRunnerWorker.run(SuiteRunnerWorker.java:96)
at org.testng.TestNG.runSuitesSequentially(TestNG.java:1212)
at org.testng.TestNG.runSuitesLocally(TestNG.java:1134)
at org.testng.TestNG.runSuites(TestNG.java:1063)
at org.testng.TestNG.run(TestNG.java:1031)
at org.apache.maven.surefire.testng.TestNGExecutor.run(TestNGExecutor.java:324)
at org.apache.maven.surefire.testng.TestNGXmlTestSuite.execute(TestNGXmlTestSuite.java:74)
at org.apache.maven.surefire.testng.TestNGProvider.invoke(TestNGProvider.java:123)
at org.apache.maven.surefire.booter.ForkedBooter.runSuitesInProcess(ForkedBooter.java:456)
at org.apache.maven.surefire.booter.ForkedBooter.execute(ForkedBooter.java:169)
at org.apache.maven.surefire.booter.ForkedBooter.run(ForkedBooter.java:595)
at org.apache.maven.surefire.booter.ForkedBooter.main(ForkedBooter.java:581)
]]>
            </full-stacktrace>
          </exception> <!-- org.openqa.selenium.InvalidSelectorException -->
          <reporter-output>
          </reporter-output>
        </test-method> <!-- loginNewUser -->
        <test-method is-config="true" signature="tearDown()[pri:0, instance:Full.AutomationPractice.LoginPageTest@5af9926a]" started-at="2022-05-17T11:54:04 AST" name="tearDown" finished-at="2022-05-17T11:54:08 AST" duration-ms="4171" status="PASS">
          <reporter-output>
          </reporter-output>
        </test-method> <!-- tearDown -->
      </class> <!-- Full.AutomationPractice.LoginPageTest -->
    </test> <!-- LoginPageTest -->
    <test started-at="2022-05-17T11:54:09 AST" name="SignUpPageTest" finished-at="2022-05-17T11:54:19 AST" duration-ms="10815">
      <class name="Full.AutomationPractice.SignUpPageTest">
        <test-method is-config="true" signature="getBrowserLogin()[pri:0, instance:Full.AutomationPractice.SignUpPageTest@30c31dd7]" started-at="2022-05-17T11:54:09 AST" name="getBrowserLogin" finished-at="2022-05-17T11:54:12 AST" duration-ms="3553" status="PASS">
          <reporter-output>
          </reporter-output>
        </test-method> <!-- getBrowserLogin -->
        <test-method signature="NewUserSignup()[pri:1, instance:Full.AutomationPractice.SignUpPageTest@30c31dd7]" started-at="2022-05-17T11:54:12 AST" name="NewUserSignup" finished-at="2022-05-17T11:54:14 AST" duration-ms="2167" status="PASS">
          <reporter-output>
          </reporter-output>
        </test-method> <!-- NewUserSignup -->
        <test-method signature="addressDetails()[pri:2, instance:Full.AutomationPractice.SignUpPageTest@30c31dd7]" started-at="2022-05-17T11:54:14 AST" name="addressDetails" finished-at="2022-05-17T11:54:15 AST" duration-ms="950" status="PASS">
          <reporter-output>
          </reporter-output>
        </test-method> <!-- addressDetails -->
        <test-method is-config="true" signature="tearDown()[pri:0, instance:Full.AutomationPractice.SignUpPageTest@30c31dd7]" started-at="2022-05-17T11:54:15 AST" name="tearDown" finished-at="2022-05-17T11:54:19 AST" duration-ms="4139" status="PASS">
          <reporter-output>
          </reporter-output>
        </test-method> <!-- tearDown -->
      </class> <!-- Full.AutomationPractice.SignUpPageTest -->
    </test> <!-- SignUpPageTest -->
  </suite> <!-- Automation Practice Suite -->
</testng-results>
